[2025-12-03T01:41:11.290+0000] {local_task_job_runner.py:120} INFO - ::group::Pre task execution logs
[2025-12-03T01:41:11.315+0000] {taskinstance.py:2076} INFO - Dependencies all met for dep_context=non-requeueable deps ti=<TaskInstance: signalsense_daily_pipeline.dbt_run scheduled__2025-12-02T00:00:00+00:00 [queued]>
[2025-12-03T01:41:11.326+0000] {taskinstance.py:2076} INFO - Dependencies all met for dep_context=requeueable deps ti=<TaskInstance: signalsense_daily_pipeline.dbt_run scheduled__2025-12-02T00:00:00+00:00 [queued]>
[2025-12-03T01:41:11.328+0000] {taskinstance.py:2306} INFO - Starting attempt 2 of 2
[2025-12-03T01:41:11.344+0000] {taskinstance.py:2330} INFO - Executing <Task(BashOperator): dbt_run> on 2025-12-02 00:00:00+00:00
[2025-12-03T01:41:11.358+0000] {standard_task_runner.py:63} INFO - Started process 419 to run task
[2025-12-03T01:41:11.364+0000] {standard_task_runner.py:90} INFO - Running: ['***', 'tasks', 'run', 'signalsense_daily_pipeline', 'dbt_run', 'scheduled__2025-12-02T00:00:00+00:00', '--job-id', '10', '--raw', '--subdir', 'DAGS_FOLDER/signalsense_pipeline.py', '--cfg-path', '/tmp/tmpspeb2d47']
[2025-12-03T01:41:11.370+0000] {standard_task_runner.py:91} INFO - Job 10: Subtask dbt_run
[2025-12-03T01:41:11.487+0000] {task_command.py:426} INFO - Running <TaskInstance: signalsense_daily_pipeline.dbt_run scheduled__2025-12-02T00:00:00+00:00 [running]> on host a1d2402f7187
[2025-12-03T01:41:11.626+0000] {taskinstance.py:2648} INFO - Exporting env vars: AIRFLOW_CTX_DAG_OWNER='***' AIRFLOW_CTX_DAG_ID='signalsense_daily_pipeline' AIRFLOW_CTX_TASK_ID='dbt_run' AIRFLOW_CTX_EXECUTION_DATE='2025-12-02T00:00:00+00:00' AIRFLOW_CTX_TRY_NUMBER='2' AIRFLOW_CTX_DAG_RUN_ID='scheduled__2025-12-02T00:00:00+00:00'
[2025-12-03T01:41:11.629+0000] {taskinstance.py:430} INFO - ::endgroup::
[2025-12-03T01:41:11.653+0000] {subprocess.py:63} INFO - Tmp dir root location: /tmp
[2025-12-03T01:41:11.656+0000] {subprocess.py:75} INFO - Running command: ['/usr/bin/bash', '-c', '\n        cd /opt/***/dags/signalsense_dbt && dbt run\n        ']
[2025-12-03T01:41:11.684+0000] {subprocess.py:86} INFO - Output:
[2025-12-03T01:41:14.686+0000] {subprocess.py:93} INFO - Traceback (most recent call last):
[2025-12-03T01:41:14.688+0000] {subprocess.py:93} INFO -   File "/home/***/.local/bin/dbt", line 5, in <module>
[2025-12-03T01:41:14.688+0000] {subprocess.py:93} INFO -     from dbt.cli.main import cli
[2025-12-03T01:41:14.689+0000] {subprocess.py:93} INFO -   File "/home/***/.local/lib/python3.11/site-packages/dbt/cli/__init__.py", line 1, in <module>
[2025-12-03T01:41:14.690+0000] {subprocess.py:93} INFO -     from .main import cli as dbt_cli  # noqa
[2025-12-03T01:41:14.690+0000] {subprocess.py:93} INFO -     ^^^^^^^^^^^^^^^^^^^^^^^^^^^^^^^^
[2025-12-03T01:41:14.691+0000] {subprocess.py:93} INFO -   File "/home/***/.local/lib/python3.11/site-packages/dbt/cli/main.py", line 14, in <module>
[2025-12-03T01:41:14.692+0000] {subprocess.py:93} INFO -     from dbt.cli import params as p
[2025-12-03T01:41:14.692+0000] {subprocess.py:93} INFO -   File "/home/***/.local/lib/python3.11/site-packages/dbt/cli/params.py", line 13, in <module>
[2025-12-03T01:41:14.693+0000] {subprocess.py:93} INFO -     from dbt.cli.options import MultiOption
[2025-12-03T01:41:14.694+0000] {subprocess.py:93} INFO -   File "/home/***/.local/lib/python3.11/site-packages/dbt/cli/options.py", line 6, in <module>
[2025-12-03T01:41:14.694+0000] {subprocess.py:93} INFO -     from click.parser import _OptionParser, _ParsingState
[2025-12-03T01:41:14.695+0000] {subprocess.py:93} INFO - ImportError: cannot import name '_OptionParser' from 'click.parser' (/home/***/.local/lib/python3.11/site-packages/click/parser.py)
[2025-12-03T01:41:14.944+0000] {subprocess.py:97} INFO - Command exited with return code 1
[2025-12-03T01:41:14.945+0000] {taskinstance.py:441} INFO - ::group::Post task execution logs
[2025-12-03T01:41:14.966+0000] {taskinstance.py:2905} ERROR - Task failed with exception
Traceback (most recent call last):
  File "/home/airflow/.local/lib/python3.11/site-packages/airflow/models/taskinstance.py", line 465, in _execute_task
    result = _execute_callable(context=context, **execute_callable_kwargs)
             ^^^^^^^^^^^^^^^^^^^^^^^^^^^^^^^^^^^^^^^^^^^^^^^^^^^^^^^^^^^^^
  File "/home/airflow/.local/lib/python3.11/site-packages/airflow/models/taskinstance.py", line 432, in _execute_callable
    return execute_callable(context=context, **execute_callable_kwargs)
           ^^^^^^^^^^^^^^^^^^^^^^^^^^^^^^^^^^^^^^^^^^^^^^^^^^^^^^^^^^^^
  File "/home/airflow/.local/lib/python3.11/site-packages/airflow/models/baseoperator.py", line 401, in wrapper
    return func(self, *args, **kwargs)
           ^^^^^^^^^^^^^^^^^^^^^^^^^^^
  File "/home/airflow/.local/lib/python3.11/site-packages/airflow/operators/bash.py", line 243, in execute
    raise AirflowException(
airflow.exceptions.AirflowException: Bash command failed. The command returned a non-zero exit code 1.
[2025-12-03T01:41:14.973+0000] {taskinstance.py:1206} INFO - Marking task as FAILED. dag_id=signalsense_daily_pipeline, task_id=dbt_run, run_id=scheduled__2025-12-02T00:00:00+00:00, execution_date=20251202T000000, start_date=20251203T014111, end_date=20251203T014114
[2025-12-03T01:41:15.005+0000] {standard_task_runner.py:110} ERROR - Failed to execute job 10 for task dbt_run (Bash command failed. The command returned a non-zero exit code 1.; 419)
[2025-12-03T01:41:15.035+0000] {local_task_job_runner.py:240} INFO - Task exited with return code 1
[2025-12-03T01:41:15.064+0000] {taskinstance.py:3503} INFO - 0 downstream tasks scheduled from follow-on schedule check
[2025-12-03T01:41:15.068+0000] {local_task_job_runner.py:222} INFO - ::endgroup::
[2025-12-03T05:01:33.552+0000] {local_task_job_runner.py:120} INFO - ::group::Pre task execution logs
[2025-12-03T05:01:33.570+0000] {taskinstance.py:2076} INFO - Dependencies all met for dep_context=non-requeueable deps ti=<TaskInstance: signalsense_daily_pipeline.dbt_run scheduled__2025-12-02T00:00:00+00:00 [queued]>
[2025-12-03T05:01:33.579+0000] {taskinstance.py:2076} INFO - Dependencies all met for dep_context=requeueable deps ti=<TaskInstance: signalsense_daily_pipeline.dbt_run scheduled__2025-12-02T00:00:00+00:00 [queued]>
[2025-12-03T05:01:33.579+0000] {taskinstance.py:2306} INFO - Starting attempt 2 of 2
[2025-12-03T05:01:33.590+0000] {taskinstance.py:2330} INFO - Executing <Task(BashOperator): dbt_run> on 2025-12-02 00:00:00+00:00
[2025-12-03T05:01:33.600+0000] {standard_task_runner.py:63} INFO - Started process 600 to run task
[2025-12-03T05:01:33.604+0000] {standard_task_runner.py:90} INFO - Running: ['***', 'tasks', 'run', 'signalsense_daily_pipeline', 'dbt_run', 'scheduled__2025-12-02T00:00:00+00:00', '--job-id', '18', '--raw', '--subdir', 'DAGS_FOLDER/signalsense_pipeline.py', '--cfg-path', '/tmp/tmp00d_m4pa']
[2025-12-03T05:01:33.609+0000] {standard_task_runner.py:91} INFO - Job 18: Subtask dbt_run
[2025-12-03T05:01:33.698+0000] {task_command.py:426} INFO - Running <TaskInstance: signalsense_daily_pipeline.dbt_run scheduled__2025-12-02T00:00:00+00:00 [running]> on host 9c45bb31d443
[2025-12-03T05:01:33.797+0000] {taskinstance.py:2648} INFO - Exporting env vars: AIRFLOW_CTX_DAG_OWNER='***' AIRFLOW_CTX_DAG_ID='signalsense_daily_pipeline' AIRFLOW_CTX_TASK_ID='dbt_run' AIRFLOW_CTX_EXECUTION_DATE='2025-12-02T00:00:00+00:00' AIRFLOW_CTX_TRY_NUMBER='2' AIRFLOW_CTX_DAG_RUN_ID='scheduled__2025-12-02T00:00:00+00:00'
[2025-12-03T05:01:33.799+0000] {taskinstance.py:430} INFO - ::endgroup::
[2025-12-03T05:01:33.814+0000] {subprocess.py:63} INFO - Tmp dir root location: /tmp
[2025-12-03T05:01:33.815+0000] {subprocess.py:75} INFO - Running command: ['/usr/bin/bash', '-c', '\n        cd /opt/***/dags/signalsense_dbt && dbt run\n        ']
[2025-12-03T05:01:33.836+0000] {subprocess.py:86} INFO - Output:
[2025-12-03T05:01:37.001+0000] {subprocess.py:93} INFO - Traceback (most recent call last):
[2025-12-03T05:01:37.002+0000] {subprocess.py:93} INFO -   File "/home/***/.local/bin/dbt", line 5, in <module>
[2025-12-03T05:01:37.004+0000] {subprocess.py:93} INFO -     from dbt.cli.main import cli
[2025-12-03T05:01:37.005+0000] {subprocess.py:93} INFO -   File "/home/***/.local/lib/python3.11/site-packages/dbt/cli/__init__.py", line 1, in <module>
[2025-12-03T05:01:37.005+0000] {subprocess.py:93} INFO -     from .main import cli as dbt_cli  # noqa
[2025-12-03T05:01:37.006+0000] {subprocess.py:93} INFO -     ^^^^^^^^^^^^^^^^^^^^^^^^^^^^^^^^
[2025-12-03T05:01:37.006+0000] {subprocess.py:93} INFO -   File "/home/***/.local/lib/python3.11/site-packages/dbt/cli/main.py", line 14, in <module>
[2025-12-03T05:01:37.007+0000] {subprocess.py:93} INFO -     from dbt.cli import params as p
[2025-12-03T05:01:37.007+0000] {subprocess.py:93} INFO -   File "/home/***/.local/lib/python3.11/site-packages/dbt/cli/params.py", line 13, in <module>
[2025-12-03T05:01:37.008+0000] {subprocess.py:93} INFO -     from dbt.cli.options import MultiOption
[2025-12-03T05:01:37.009+0000] {subprocess.py:93} INFO -   File "/home/***/.local/lib/python3.11/site-packages/dbt/cli/options.py", line 6, in <module>
[2025-12-03T05:01:37.010+0000] {subprocess.py:93} INFO -     from click.parser import _OptionParser, _ParsingState
[2025-12-03T05:01:37.010+0000] {subprocess.py:93} INFO - ImportError: cannot import name '_OptionParser' from 'click.parser' (/home/***/.local/lib/python3.11/site-packages/click/parser.py)
[2025-12-03T05:01:37.340+0000] {subprocess.py:97} INFO - Command exited with return code 1
[2025-12-03T05:01:37.341+0000] {taskinstance.py:441} INFO - ::group::Post task execution logs
[2025-12-03T05:01:37.371+0000] {taskinstance.py:2905} ERROR - Task failed with exception
Traceback (most recent call last):
  File "/home/airflow/.local/lib/python3.11/site-packages/airflow/models/taskinstance.py", line 465, in _execute_task
    result = _execute_callable(context=context, **execute_callable_kwargs)
             ^^^^^^^^^^^^^^^^^^^^^^^^^^^^^^^^^^^^^^^^^^^^^^^^^^^^^^^^^^^^^
  File "/home/airflow/.local/lib/python3.11/site-packages/airflow/models/taskinstance.py", line 432, in _execute_callable
    return execute_callable(context=context, **execute_callable_kwargs)
           ^^^^^^^^^^^^^^^^^^^^^^^^^^^^^^^^^^^^^^^^^^^^^^^^^^^^^^^^^^^^
  File "/home/airflow/.local/lib/python3.11/site-packages/airflow/models/baseoperator.py", line 401, in wrapper
    return func(self, *args, **kwargs)
           ^^^^^^^^^^^^^^^^^^^^^^^^^^^
  File "/home/airflow/.local/lib/python3.11/site-packages/airflow/operators/bash.py", line 243, in execute
    raise AirflowException(
airflow.exceptions.AirflowException: Bash command failed. The command returned a non-zero exit code 1.
[2025-12-03T05:01:37.377+0000] {taskinstance.py:1206} INFO - Marking task as FAILED. dag_id=signalsense_daily_pipeline, task_id=dbt_run, run_id=scheduled__2025-12-02T00:00:00+00:00, execution_date=20251202T000000, start_date=20251203T050133, end_date=20251203T050137
[2025-12-03T05:01:37.395+0000] {standard_task_runner.py:110} ERROR - Failed to execute job 18 for task dbt_run (Bash command failed. The command returned a non-zero exit code 1.; 600)
[2025-12-03T05:01:37.454+0000] {local_task_job_runner.py:240} INFO - Task exited with return code 1
[2025-12-03T05:01:37.487+0000] {taskinstance.py:3503} INFO - 0 downstream tasks scheduled from follow-on schedule check
[2025-12-03T05:01:37.490+0000] {local_task_job_runner.py:222} INFO - ::endgroup::
