[2025-12-03T04:56:36.886+0000] {local_task_job_runner.py:120} INFO - ::group::Pre task execution logs
[2025-12-03T04:56:36.904+0000] {taskinstance.py:2076} INFO - Dependencies all met for dep_context=non-requeueable deps ti=<TaskInstance: signalsense_daily_pipeline.dbt_run manual__2025-12-03T04:56:05.582398+00:00 [queued]>
[2025-12-03T04:56:36.913+0000] {taskinstance.py:2076} INFO - Dependencies all met for dep_context=requeueable deps ti=<TaskInstance: signalsense_daily_pipeline.dbt_run manual__2025-12-03T04:56:05.582398+00:00 [queued]>
[2025-12-03T04:56:36.914+0000] {taskinstance.py:2306} INFO - Starting attempt 1 of 2
[2025-12-03T04:56:36.926+0000] {taskinstance.py:2330} INFO - Executing <Task(BashOperator): dbt_run> on 2025-12-03 04:56:05.582398+00:00
[2025-12-03T04:56:36.936+0000] {standard_task_runner.py:63} INFO - Started process 545 to run task
[2025-12-03T04:56:36.939+0000] {standard_task_runner.py:90} INFO - Running: ['***', 'tasks', 'run', 'signalsense_daily_pipeline', 'dbt_run', 'manual__2025-12-03T04:56:05.582398+00:00', '--job-id', '17', '--raw', '--subdir', 'DAGS_FOLDER/signalsense_pipeline.py', '--cfg-path', '/tmp/tmpfekm7ny1']
[2025-12-03T04:56:36.942+0000] {standard_task_runner.py:91} INFO - Job 17: Subtask dbt_run
[2025-12-03T04:56:37.018+0000] {task_command.py:426} INFO - Running <TaskInstance: signalsense_daily_pipeline.dbt_run manual__2025-12-03T04:56:05.582398+00:00 [running]> on host 9c45bb31d443
[2025-12-03T04:56:37.107+0000] {taskinstance.py:2648} INFO - Exporting env vars: AIRFLOW_CTX_DAG_OWNER='***' AIRFLOW_CTX_DAG_ID='signalsense_daily_pipeline' AIRFLOW_CTX_TASK_ID='dbt_run' AIRFLOW_CTX_EXECUTION_DATE='2025-12-03T04:56:05.582398+00:00' AIRFLOW_CTX_TRY_NUMBER='1' AIRFLOW_CTX_DAG_RUN_ID='manual__2025-12-03T04:56:05.582398+00:00'
[2025-12-03T04:56:37.109+0000] {taskinstance.py:430} INFO - ::endgroup::
[2025-12-03T04:56:37.122+0000] {subprocess.py:63} INFO - Tmp dir root location: /tmp
[2025-12-03T04:56:37.124+0000] {subprocess.py:75} INFO - Running command: ['/usr/bin/bash', '-c', '\n        cd /opt/***/dags/signalsense_dbt && dbt run\n        ']
[2025-12-03T04:56:37.144+0000] {subprocess.py:86} INFO - Output:
[2025-12-03T04:56:39.476+0000] {subprocess.py:93} INFO - Traceback (most recent call last):
[2025-12-03T04:56:39.477+0000] {subprocess.py:93} INFO -   File "/home/***/.local/bin/dbt", line 5, in <module>
[2025-12-03T04:56:39.478+0000] {subprocess.py:93} INFO -     from dbt.cli.main import cli
[2025-12-03T04:56:39.478+0000] {subprocess.py:93} INFO -   File "/home/***/.local/lib/python3.11/site-packages/dbt/cli/__init__.py", line 1, in <module>
[2025-12-03T04:56:39.479+0000] {subprocess.py:93} INFO -     from .main import cli as dbt_cli  # noqa
[2025-12-03T04:56:39.479+0000] {subprocess.py:93} INFO -     ^^^^^^^^^^^^^^^^^^^^^^^^^^^^^^^^
[2025-12-03T04:56:39.480+0000] {subprocess.py:93} INFO -   File "/home/***/.local/lib/python3.11/site-packages/dbt/cli/main.py", line 14, in <module>
[2025-12-03T04:56:39.480+0000] {subprocess.py:93} INFO -     from dbt.cli import params as p
[2025-12-03T04:56:39.481+0000] {subprocess.py:93} INFO -   File "/home/***/.local/lib/python3.11/site-packages/dbt/cli/params.py", line 13, in <module>
[2025-12-03T04:56:39.481+0000] {subprocess.py:93} INFO -     from dbt.cli.options import MultiOption
[2025-12-03T04:56:39.481+0000] {subprocess.py:93} INFO -   File "/home/***/.local/lib/python3.11/site-packages/dbt/cli/options.py", line 6, in <module>
[2025-12-03T04:56:39.482+0000] {subprocess.py:93} INFO -     from click.parser import _OptionParser, _ParsingState
[2025-12-03T04:56:39.482+0000] {subprocess.py:93} INFO - ImportError: cannot import name '_OptionParser' from 'click.parser' (/home/***/.local/lib/python3.11/site-packages/click/parser.py)
[2025-12-03T04:56:39.738+0000] {subprocess.py:97} INFO - Command exited with return code 1
[2025-12-03T04:56:39.739+0000] {taskinstance.py:441} INFO - ::group::Post task execution logs
[2025-12-03T04:56:39.761+0000] {taskinstance.py:2905} ERROR - Task failed with exception
Traceback (most recent call last):
  File "/home/airflow/.local/lib/python3.11/site-packages/airflow/models/taskinstance.py", line 465, in _execute_task
    result = _execute_callable(context=context, **execute_callable_kwargs)
             ^^^^^^^^^^^^^^^^^^^^^^^^^^^^^^^^^^^^^^^^^^^^^^^^^^^^^^^^^^^^^
  File "/home/airflow/.local/lib/python3.11/site-packages/airflow/models/taskinstance.py", line 432, in _execute_callable
    return execute_callable(context=context, **execute_callable_kwargs)
           ^^^^^^^^^^^^^^^^^^^^^^^^^^^^^^^^^^^^^^^^^^^^^^^^^^^^^^^^^^^^
  File "/home/airflow/.local/lib/python3.11/site-packages/airflow/models/baseoperator.py", line 401, in wrapper
    return func(self, *args, **kwargs)
           ^^^^^^^^^^^^^^^^^^^^^^^^^^^
  File "/home/airflow/.local/lib/python3.11/site-packages/airflow/operators/bash.py", line 243, in execute
    raise AirflowException(
airflow.exceptions.AirflowException: Bash command failed. The command returned a non-zero exit code 1.
[2025-12-03T04:56:39.768+0000] {taskinstance.py:1206} INFO - Marking task as UP_FOR_RETRY. dag_id=signalsense_daily_pipeline, task_id=dbt_run, run_id=manual__2025-12-03T04:56:05.582398+00:00, execution_date=20251203T045605, start_date=20251203T045636, end_date=20251203T045639
[2025-12-03T04:56:39.790+0000] {standard_task_runner.py:110} ERROR - Failed to execute job 17 for task dbt_run (Bash command failed. The command returned a non-zero exit code 1.; 545)
[2025-12-03T04:56:39.828+0000] {local_task_job_runner.py:240} INFO - Task exited with return code 1
[2025-12-03T04:56:39.852+0000] {taskinstance.py:3503} INFO - 0 downstream tasks scheduled from follow-on schedule check
[2025-12-03T04:56:39.854+0000] {local_task_job_runner.py:222} INFO - ::endgroup::
