[2025-12-03T05:01:36.953+0000] {local_task_job_runner.py:120} INFO - ::group::Pre task execution logs
[2025-12-03T05:01:36.978+0000] {taskinstance.py:2076} INFO - Dependencies all met for dep_context=non-requeueable deps ti=<TaskInstance: signalsense_daily_pipeline.dbt_run manual__2025-12-03T04:00:16.271115+00:00 [queued]>
[2025-12-03T05:01:36.991+0000] {taskinstance.py:2076} INFO - Dependencies all met for dep_context=requeueable deps ti=<TaskInstance: signalsense_daily_pipeline.dbt_run manual__2025-12-03T04:00:16.271115+00:00 [queued]>
[2025-12-03T05:01:36.992+0000] {taskinstance.py:2306} INFO - Starting attempt 2 of 2
[2025-12-03T05:01:37.011+0000] {taskinstance.py:2330} INFO - Executing <Task(BashOperator): dbt_run> on 2025-12-03 04:00:16.271115+00:00
[2025-12-03T05:01:37.027+0000] {standard_task_runner.py:63} INFO - Started process 605 to run task
[2025-12-03T05:01:37.033+0000] {standard_task_runner.py:90} INFO - Running: ['***', 'tasks', 'run', 'signalsense_daily_pipeline', 'dbt_run', 'manual__2025-12-03T04:00:16.271115+00:00', '--job-id', '19', '--raw', '--subdir', 'DAGS_FOLDER/signalsense_pipeline.py', '--cfg-path', '/tmp/tmpo1_1szl6']
[2025-12-03T05:01:37.039+0000] {standard_task_runner.py:91} INFO - Job 19: Subtask dbt_run
[2025-12-03T05:01:37.150+0000] {task_command.py:426} INFO - Running <TaskInstance: signalsense_daily_pipeline.dbt_run manual__2025-12-03T04:00:16.271115+00:00 [running]> on host 9c45bb31d443
[2025-12-03T05:01:37.268+0000] {taskinstance.py:2648} INFO - Exporting env vars: AIRFLOW_CTX_DAG_OWNER='***' AIRFLOW_CTX_DAG_ID='signalsense_daily_pipeline' AIRFLOW_CTX_TASK_ID='dbt_run' AIRFLOW_CTX_EXECUTION_DATE='2025-12-03T04:00:16.271115+00:00' AIRFLOW_CTX_TRY_NUMBER='2' AIRFLOW_CTX_DAG_RUN_ID='manual__2025-12-03T04:00:16.271115+00:00'
[2025-12-03T05:01:37.271+0000] {taskinstance.py:430} INFO - ::endgroup::
[2025-12-03T05:01:37.289+0000] {subprocess.py:63} INFO - Tmp dir root location: /tmp
[2025-12-03T05:01:37.292+0000] {subprocess.py:75} INFO - Running command: ['/usr/bin/bash', '-c', '\n        cd /opt/***/dags/signalsense_dbt && dbt run\n        ']
[2025-12-03T05:01:37.318+0000] {subprocess.py:86} INFO - Output:
[2025-12-03T05:01:39.826+0000] {subprocess.py:93} INFO - Traceback (most recent call last):
[2025-12-03T05:01:39.827+0000] {subprocess.py:93} INFO -   File "/home/***/.local/bin/dbt", line 5, in <module>
[2025-12-03T05:01:39.828+0000] {subprocess.py:93} INFO -     from dbt.cli.main import cli
[2025-12-03T05:01:39.828+0000] {subprocess.py:93} INFO -   File "/home/***/.local/lib/python3.11/site-packages/dbt/cli/__init__.py", line 1, in <module>
[2025-12-03T05:01:39.829+0000] {subprocess.py:93} INFO -     from .main import cli as dbt_cli  # noqa
[2025-12-03T05:01:39.830+0000] {subprocess.py:93} INFO -     ^^^^^^^^^^^^^^^^^^^^^^^^^^^^^^^^
[2025-12-03T05:01:39.830+0000] {subprocess.py:93} INFO -   File "/home/***/.local/lib/python3.11/site-packages/dbt/cli/main.py", line 14, in <module>
[2025-12-03T05:01:39.831+0000] {subprocess.py:93} INFO -     from dbt.cli import params as p
[2025-12-03T05:01:39.831+0000] {subprocess.py:93} INFO -   File "/home/***/.local/lib/python3.11/site-packages/dbt/cli/params.py", line 13, in <module>
[2025-12-03T05:01:39.832+0000] {subprocess.py:93} INFO -     from dbt.cli.options import MultiOption
[2025-12-03T05:01:39.832+0000] {subprocess.py:93} INFO -   File "/home/***/.local/lib/python3.11/site-packages/dbt/cli/options.py", line 6, in <module>
[2025-12-03T05:01:39.832+0000] {subprocess.py:93} INFO -     from click.parser import _OptionParser, _ParsingState
[2025-12-03T05:01:39.833+0000] {subprocess.py:93} INFO - ImportError: cannot import name '_OptionParser' from 'click.parser' (/home/***/.local/lib/python3.11/site-packages/click/parser.py)
[2025-12-03T05:01:40.065+0000] {subprocess.py:97} INFO - Command exited with return code 1
[2025-12-03T05:01:40.066+0000] {taskinstance.py:441} INFO - ::group::Post task execution logs
[2025-12-03T05:01:40.082+0000] {taskinstance.py:2905} ERROR - Task failed with exception
Traceback (most recent call last):
  File "/home/airflow/.local/lib/python3.11/site-packages/airflow/models/taskinstance.py", line 465, in _execute_task
    result = _execute_callable(context=context, **execute_callable_kwargs)
             ^^^^^^^^^^^^^^^^^^^^^^^^^^^^^^^^^^^^^^^^^^^^^^^^^^^^^^^^^^^^^
  File "/home/airflow/.local/lib/python3.11/site-packages/airflow/models/taskinstance.py", line 432, in _execute_callable
    return execute_callable(context=context, **execute_callable_kwargs)
           ^^^^^^^^^^^^^^^^^^^^^^^^^^^^^^^^^^^^^^^^^^^^^^^^^^^^^^^^^^^^
  File "/home/airflow/.local/lib/python3.11/site-packages/airflow/models/baseoperator.py", line 401, in wrapper
    return func(self, *args, **kwargs)
           ^^^^^^^^^^^^^^^^^^^^^^^^^^^
  File "/home/airflow/.local/lib/python3.11/site-packages/airflow/operators/bash.py", line 243, in execute
    raise AirflowException(
airflow.exceptions.AirflowException: Bash command failed. The command returned a non-zero exit code 1.
[2025-12-03T05:01:40.087+0000] {taskinstance.py:1206} INFO - Marking task as FAILED. dag_id=signalsense_daily_pipeline, task_id=dbt_run, run_id=manual__2025-12-03T04:00:16.271115+00:00, execution_date=20251203T040016, start_date=20251203T050136, end_date=20251203T050140
[2025-12-03T05:01:40.105+0000] {standard_task_runner.py:110} ERROR - Failed to execute job 19 for task dbt_run (Bash command failed. The command returned a non-zero exit code 1.; 605)
[2025-12-03T05:01:40.159+0000] {local_task_job_runner.py:240} INFO - Task exited with return code 1
[2025-12-03T05:01:40.177+0000] {taskinstance.py:3503} INFO - 0 downstream tasks scheduled from follow-on schedule check
[2025-12-03T05:01:40.179+0000] {local_task_job_runner.py:222} INFO - ::endgroup::
