[2025-12-03T01:36:15.554+0000] {local_task_job_runner.py:120} INFO - ::group::Pre task execution logs
[2025-12-03T01:36:15.579+0000] {taskinstance.py:2076} INFO - Dependencies all met for dep_context=non-requeueable deps ti=<TaskInstance: signalsense_daily_pipeline.dbt_run manual__2025-12-03T01:35:50.056311+00:00 [queued]>
[2025-12-03T01:36:15.591+0000] {taskinstance.py:2076} INFO - Dependencies all met for dep_context=requeueable deps ti=<TaskInstance: signalsense_daily_pipeline.dbt_run manual__2025-12-03T01:35:50.056311+00:00 [queued]>
[2025-12-03T01:36:15.592+0000] {taskinstance.py:2306} INFO - Starting attempt 1 of 2
[2025-12-03T01:36:15.609+0000] {taskinstance.py:2330} INFO - Executing <Task(BashOperator): dbt_run> on 2025-12-03 01:35:50.056311+00:00
[2025-12-03T01:36:15.627+0000] {standard_task_runner.py:63} INFO - Started process 369 to run task
[2025-12-03T01:36:15.631+0000] {standard_task_runner.py:90} INFO - Running: ['***', 'tasks', 'run', 'signalsense_daily_pipeline', 'dbt_run', 'manual__2025-12-03T01:35:50.056311+00:00', '--job-id', '9', '--raw', '--subdir', 'DAGS_FOLDER/signalsense_pipeline.py', '--cfg-path', '/tmp/tmpf6feaa46']
[2025-12-03T01:36:15.638+0000] {standard_task_runner.py:91} INFO - Job 9: Subtask dbt_run
[2025-12-03T01:36:15.735+0000] {task_command.py:426} INFO - Running <TaskInstance: signalsense_daily_pipeline.dbt_run manual__2025-12-03T01:35:50.056311+00:00 [running]> on host a1d2402f7187
[2025-12-03T01:36:15.857+0000] {taskinstance.py:2648} INFO - Exporting env vars: AIRFLOW_CTX_DAG_OWNER='***' AIRFLOW_CTX_DAG_ID='signalsense_daily_pipeline' AIRFLOW_CTX_TASK_ID='dbt_run' AIRFLOW_CTX_EXECUTION_DATE='2025-12-03T01:35:50.056311+00:00' AIRFLOW_CTX_TRY_NUMBER='1' AIRFLOW_CTX_DAG_RUN_ID='manual__2025-12-03T01:35:50.056311+00:00'
[2025-12-03T01:36:15.860+0000] {taskinstance.py:430} INFO - ::endgroup::
[2025-12-03T01:36:15.878+0000] {subprocess.py:63} INFO - Tmp dir root location: /tmp
[2025-12-03T01:36:15.881+0000] {subprocess.py:75} INFO - Running command: ['/usr/bin/bash', '-c', '\n        cd /opt/***/dags/signalsense_dbt && dbt run\n        ']
[2025-12-03T01:36:15.910+0000] {subprocess.py:86} INFO - Output:
[2025-12-03T01:36:19.130+0000] {subprocess.py:93} INFO - Traceback (most recent call last):
[2025-12-03T01:36:19.131+0000] {subprocess.py:93} INFO -   File "/home/***/.local/bin/dbt", line 5, in <module>
[2025-12-03T01:36:19.132+0000] {subprocess.py:93} INFO -     from dbt.cli.main import cli
[2025-12-03T01:36:19.132+0000] {subprocess.py:93} INFO -   File "/home/***/.local/lib/python3.11/site-packages/dbt/cli/__init__.py", line 1, in <module>
[2025-12-03T01:36:19.133+0000] {subprocess.py:93} INFO -     from .main import cli as dbt_cli  # noqa
[2025-12-03T01:36:19.134+0000] {subprocess.py:93} INFO -     ^^^^^^^^^^^^^^^^^^^^^^^^^^^^^^^^
[2025-12-03T01:36:19.134+0000] {subprocess.py:93} INFO -   File "/home/***/.local/lib/python3.11/site-packages/dbt/cli/main.py", line 14, in <module>
[2025-12-03T01:36:19.135+0000] {subprocess.py:93} INFO -     from dbt.cli import params as p
[2025-12-03T01:36:19.136+0000] {subprocess.py:93} INFO -   File "/home/***/.local/lib/python3.11/site-packages/dbt/cli/params.py", line 13, in <module>
[2025-12-03T01:36:19.136+0000] {subprocess.py:93} INFO -     from dbt.cli.options import MultiOption
[2025-12-03T01:36:19.137+0000] {subprocess.py:93} INFO -   File "/home/***/.local/lib/python3.11/site-packages/dbt/cli/options.py", line 6, in <module>
[2025-12-03T01:36:19.138+0000] {subprocess.py:93} INFO -     from click.parser import _OptionParser, _ParsingState
[2025-12-03T01:36:19.138+0000] {subprocess.py:93} INFO - ImportError: cannot import name '_OptionParser' from 'click.parser' (/home/***/.local/lib/python3.11/site-packages/click/parser.py)
[2025-12-03T01:36:19.464+0000] {subprocess.py:97} INFO - Command exited with return code 1
[2025-12-03T01:36:19.466+0000] {taskinstance.py:441} INFO - ::group::Post task execution logs
[2025-12-03T01:36:19.487+0000] {taskinstance.py:2905} ERROR - Task failed with exception
Traceback (most recent call last):
  File "/home/airflow/.local/lib/python3.11/site-packages/airflow/models/taskinstance.py", line 465, in _execute_task
    result = _execute_callable(context=context, **execute_callable_kwargs)
             ^^^^^^^^^^^^^^^^^^^^^^^^^^^^^^^^^^^^^^^^^^^^^^^^^^^^^^^^^^^^^
  File "/home/airflow/.local/lib/python3.11/site-packages/airflow/models/taskinstance.py", line 432, in _execute_callable
    return execute_callable(context=context, **execute_callable_kwargs)
           ^^^^^^^^^^^^^^^^^^^^^^^^^^^^^^^^^^^^^^^^^^^^^^^^^^^^^^^^^^^^
  File "/home/airflow/.local/lib/python3.11/site-packages/airflow/models/baseoperator.py", line 401, in wrapper
    return func(self, *args, **kwargs)
           ^^^^^^^^^^^^^^^^^^^^^^^^^^^
  File "/home/airflow/.local/lib/python3.11/site-packages/airflow/operators/bash.py", line 243, in execute
    raise AirflowException(
airflow.exceptions.AirflowException: Bash command failed. The command returned a non-zero exit code 1.
[2025-12-03T01:36:19.493+0000] {taskinstance.py:1206} INFO - Marking task as UP_FOR_RETRY. dag_id=signalsense_daily_pipeline, task_id=dbt_run, run_id=manual__2025-12-03T01:35:50.056311+00:00, execution_date=20251203T013550, start_date=20251203T013615, end_date=20251203T013619
[2025-12-03T01:36:19.532+0000] {standard_task_runner.py:110} ERROR - Failed to execute job 9 for task dbt_run (Bash command failed. The command returned a non-zero exit code 1.; 369)
[2025-12-03T01:36:19.580+0000] {local_task_job_runner.py:240} INFO - Task exited with return code 1
[2025-12-03T01:36:19.610+0000] {taskinstance.py:3503} INFO - 0 downstream tasks scheduled from follow-on schedule check
[2025-12-03T01:36:19.613+0000] {local_task_job_runner.py:222} INFO - ::endgroup::
